0 info it worked if it ends with ok
1 verbose cli [ '/usr/local/bin/node', '/usr/local/bin/npm', 'publish' ]
2 info using npm@2.10.1
3 info using node@v0.12.4
4 verbose publish [ '.' ]
5 silly cache add args [ '.', null ]
6 verbose cache add spec .
7 silly cache add parsed spec { raw: '.',
7 silly cache add   scope: null,
7 silly cache add   name: null,
7 silly cache add   rawSpec: '.',
7 silly cache add   spec: '/root/gatelog/node_modules/zklib',
7 silly cache add   type: 'directory' }
8 verbose addLocalDirectory /root/.npm/zklib/0.0.6/package.tgz not in flight; packing
9 verbose tar pack [ '/root/.npm/zklib/0.0.6/package.tgz',
9 verbose tar pack   '/root/gatelog/node_modules/zklib' ]
10 verbose tarball /root/.npm/zklib/0.0.6/package.tgz
11 verbose folder /root/gatelog/node_modules/zklib
12 info prepublish zklib@0.0.6
13 verbose addLocalTarball adding from inside cache /root/.npm/zklib/0.0.6/package.tgz
14 silly cache afterAdd zklib@0.0.6
15 verbose afterAdd /root/.npm/zklib/0.0.6/package/package.json not in flight; writing
16 verbose afterAdd /root/.npm/zklib/0.0.6/package/package.json written
17 silly publish { name: 'zklib',
17 silly publish   version: '0.0.6',
17 silly publish   description: 'Attendance Machine Library for NodeJS with a connection to the network using the UDP protocol and port 4370',
17 silly publish   main: 'zklib/zklib.js',
17 silly publish   scripts: { test: 'echo "Error: no test specified" && exit 1' },
17 silly publish   repository:
17 silly publish    { type: 'git',
17 silly publish      url: 'git+https://github.com/bulentv/js_zklib.git' },
17 silly publish   keywords: [ 'zklib' ],
17 silly publish   author:
17 silly publish    { name: 'Bulent Vural',
17 silly publish      email: 'bulentv@gmail.com',
17 silly publish      url: 'http://www.bvnet.net' },
17 silly publish   license: 'GPL-3.0',
17 silly publish   bugs: { url: 'https://github.com/bulentv/js_zklib/issues' },
17 silly publish   homepage: 'https://github.com/bulentv/js_zklib#readme',
17 silly publish   readmeFilename: 'README.md',
17 silly publish   gitHead: '2bc26f603a96ed81b55fd1974bbac2786ff04ad3',
17 silly publish   _id: 'zklib@0.0.6',
17 silly publish   _shasum: 'd24156be3ff9785e510825d8acce420a977c4de9',
17 silly publish   _from: '.',
17 silly publish   readme: '# node-zklib #\n\nAttendance Machine Library for NodeJS with a connection to the network using the UDP protocol and port 4370\n\nInstall with:\n\n    npm install zklib\n\n## Usage\n\n```js\n    var ZKLib = require("zklib");\n    ZK = new ZKLib("192.168.5.11", 4370);\n    \n    // connect to access control device\n    ZK.connect( function() {\n    \n      // read the time info from th device\n      ZK.getTime( function(t) {\n        console.log("Device clock\'s time is " + t.toString());\n        \n        // disconnec from the device\n        ZK.disconnect();\n      });\n    });\n```\n\n## How to Contribute\n- open a pull request\n\n## Credits\nBased on php_zklib (https://github.com/dnaextrim/php_zklib)\n' }
18 verbose getPublishConfig undefined
19 silly mapToRegistry name zklib
20 silly mapToRegistry using default registry
21 silly mapToRegistry registry https://registry.npmjs.org/
22 silly mapToRegistry uri https://registry.npmjs.org/zklib
23 verbose publish registryBase https://registry.npmjs.org/
24 silly publish uploading /root/.npm/zklib/0.0.6/package.tgz
25 verbose request uri https://registry.npmjs.org/zklib
26 verbose request sending authorization for write operation
27 info attempt registry request try #1 at 12:58:32
28 verbose request using bearer token for auth
29 verbose request id 21a356404fa59a9b
30 http request PUT https://registry.npmjs.org/zklib
31 http 403 https://registry.npmjs.org/zklib
32 verbose headers { 'content-type': 'application/json',
32 verbose headers   'cache-control': 'max-age=60',
32 verbose headers   'content-length': '95',
32 verbose headers   'accept-ranges': 'bytes',
32 verbose headers   date: 'Sat, 11 Jul 2015 09:58:40 GMT',
32 verbose headers   via: '1.1 varnish',
32 verbose headers   connection: 'keep-alive',
32 verbose headers   'x-served-by': 'cache-lhr6328-LHR',
32 verbose headers   'x-cache': 'MISS',
32 verbose headers   'x-cache-hits': '0',
32 verbose headers   'x-timer': 'S1436608719.276564,VS0,VE1002' }
33 verbose request invalidating /root/.npm/registry.npmjs.org/zklib on PUT
34 error publish Failed PUT 403
35 verbose stack Error: "You cannot publish over the previously published version 0.0.6." : zklib
35 verbose stack     at CachingRegistryClient.<anonymous> (/usr/local/lib/node_modules/npm/node_modules/npm-registry-client/lib/request.js:247:14)
35 verbose stack     at Request._callback (/usr/local/lib/node_modules/npm/node_modules/npm-registry-client/lib/request.js:170:14)
35 verbose stack     at Request.self.callback (/usr/local/lib/node_modules/npm/node_modules/request/request.js:368:22)
35 verbose stack     at Request.emit (events.js:110:17)
35 verbose stack     at Request.<anonymous> (/usr/local/lib/node_modules/npm/node_modules/request/request.js:1219:14)
35 verbose stack     at Request.emit (events.js:129:20)
35 verbose stack     at IncomingMessage.<anonymous> (/usr/local/lib/node_modules/npm/node_modules/request/request.js:1167:12)
35 verbose stack     at IncomingMessage.emit (events.js:129:20)
35 verbose stack     at _stream_readable.js:908:16
35 verbose stack     at process._tickCallback (node.js:355:11)
36 verbose statusCode 403
37 verbose pkgid zklib
38 verbose cwd /root/gatelog/node_modules/zklib
39 error Linux 3.16.0-30-generic
40 error argv "/usr/local/bin/node" "/usr/local/bin/npm" "publish"
41 error node v0.12.4
42 error npm  v2.10.1
43 error code E403
44 error "You cannot publish over the previously published version 0.0.6." : zklib
45 error If you need help, you may report this error at:
45 error     <https://github.com/npm/npm/issues>
46 verbose exit [ 1, true ]
